C51 COMPILER V9.00   MAIN                                                                  05/12/2022 17:30:48 PAGE 1   


C51 COMPILER V9.00, COMPILATION OF MODULE MAIN
OBJECT MODULE PLACED IN .\Out_File\main.obj
COMPILER INVOKED BY: D:\Keil\Keil_4\C51\BIN\C51.EXE ..\USER\src\main.c LARGE OMF2 BROWSE INCDIR(..\..\Libraries\librarie
                    -s;..\..\Libraries\seekfree_libraries;..\..\Libraries\seekfree_peripheral;..\USER\inc;..\USER\src;..\CODE) DEBUG PRINT(.\
                    -Out_File\main.lst) OBJECT(.\Out_File\main.obj)

line level    source

   1          /*********************************************************************************************************
             -************
   2           * COPYRIGHT NOTICE
   3           * Copyright (c) 2020,逐飞科技
   4           * All rights reserved.
   5           * 技术讨论QQ群：一群：179029047(已满)  二群：244861897(已满)  三群：824575535
   6           *
   7           * 以下所有内容版权均属逐飞科技所有，未经允许不得用于商业用途，
   8           * 欢迎各位使用并传播本程序，修改内容时必须保留逐飞科技的版权声明。
   9           *
  10           * @file                main
  11           * @company                     成都逐飞科技有限公司
  12           * @author              逐飞科技(QQ790875685)
  13           * @version             查看doc内version文件 版本说明
  14           * @Software            MDK FOR C51 V9.60
  15           * @Target core         STC8H8K64S4
  16           * @Taobao              https://seekfree.taobao.com/
  17           * @date                2020-06-01
  18           *********************************************************************************************************
             -***********/
  19          
  20          #include "headfile.h"
  21          
  22          //board.h文件中FOSC的值设置为0,则程序自动识别系统频率
  23          
  24          /*board.h文件中FOSC的值设置不为0，则系统频率为FOSC的值，
  25          在使用stc-isp工具下载程序的时候需要将IRC频率设置为FOSC的值*/
  26          
  27          /*在board_init中,已经将P54引脚设置为复位
  28          如果需要使用P54引脚,可以在board.c文件中的board_init()函数中删除SET_P54_RESRT即可*/
  29          
  30          #define LED0 P70
  31          #define BEEP P11
  32          void main()
  33          {
  34   1              DisableGlobalIRQ();
  35   1              board_init();
  36   1          
  37   1          
  38   1          P1M0=P1M0|0x02;//P11 pull-up out
  39   1          BEEP=1;
  40   1          delay_ms(200);
  41   1          BEEP=0;
  42   1          
  43   1              EnableGlobalIRQ();
  44   1          while(1)
  45   1              {
  46   2                      delay_ms(100);
  47   2                      LED0 = !LED0;
  48   2          }
  49   1      }
  50          

C51 COMPILER V9.00   MAIN                                                                  05/12/2022 17:30:48 PAGE 2   


MODULE INFORMATION:   STATIC OVERLAYABLE
   CODE SIZE        =     34    ----
   CONSTANT SIZE    =   ----    ----
   XDATA SIZE       =   ----    ----
   PDATA SIZE       =   ----    ----
   DATA SIZE        =   ----    ----
   IDATA SIZE       =   ----    ----
   BIT SIZE         =   ----    ----
   EDATA SIZE       =   ----    ----
   HDATA SIZE       =   ----    ----
   XDATA CONST SIZE =   ----    ----
   FAR CONST SIZE   =   ----    ----
END OF MODULE INFORMATION.


C51 COMPILATION COMPLETE.  0 WARNING(S),  0 ERROR(S)
