C51 COMPILER V9.00   MAIN                                                                  05/18/2022 21:19:16 PAGE 1   


C51 COMPILER V9.00, COMPILATION OF MODULE MAIN
OBJECT MODULE PLACED IN .\Out_File\main.obj
COMPILER INVOKED BY: D:\Keil\Keil_5\C51\BIN\C51.EXE ..\USER\src\main.c LARGE OMF2 OPTIMIZE(8,SPEED) BROWSE INCDIR(..\..\
                    -Libraries\libraries;..\..\Libraries\seekfree_libraries;..\..\Libraries\seekfree_peripheral;..\USER\inc;..\USER\src;..\CO
                    -DE) DEBUG PRINT(.\Out_File\main.lst) TABS(2) OBJECT(.\Out_File\main.obj)

line level    source

   1          /*********************************************************************************************************
             -************
   2           * COPYRIGHT NOTICE
   3           * Copyright (c) 2020,逐飞科技
   4           * All rights reserved.
   5           * 技术讨论QQ群：一群：179029047(已满)  二群：244861897(已满)  三群：824575535
   6           *
   7           * 以下所有内容版权均属逐飞科技所有，未经允许不得用于商业用途，
   8           * 欢迎各位使用并传播本程序，修改内容时必须保留逐飞科技的版权声明。
   9           *
  10           * @file          main
  11           * @company       成都逐飞科技有限公司
  12           * @author        逐飞科技(QQ790875685)
  13           * @version       查看doc内version文件 版本说明
  14           * @Software    MDK FOR C51 V9.60
  15           * @Target core   STC8H8K64S4
  16           * @Taobao      https://seekfree.taobao.com/
  17           * @date          2020-06-01
  18           *********************************************************************************************************
             -***********/
  19          
  20          #include "headfile.h"
  21          
  22          //board.h文件中FOSC的值设置为0,则程序自动识别系统频率
  23          
  24          /*board.h文件中FOSC的值设置不为0，则系统频率为FOSC的值，
  25          在使用stc-isp工具下载程序的时候需要将IRC频率设置为FOSC的值*/
  26          
  27          /*在board_init中,已经将P54引脚设置为复位
  28          如果需要使用P54引脚,可以在board.c文件中的board_init()函数中删除SET_P54_RESRT即可*/
  29          
  30          uint16 adc_data[4];
  31          void main()
  32          {
  33   1        DisableGlobalIRQ(); //关闭总中断
  34   1        board_init(); 
  35   1        
  36   1          oled_init(); 
  37   1        oled_p6x8str(0,0,"init success");
  38   1          oled_cls();
  39   1          
  40   1        adc_init(ADC_P00, ADC_SYSclk_DIV_2);
  41   1        adc_init(ADC_P01, ADC_SYSclk_DIV_2);
  42   1          adc_init(ADC_P02, ADC_SYSclk_DIV_2);
  43   1        adc_init(ADC_P03, ADC_SYSclk_DIV_2);
  44   1        
  45   1        EnableGlobalIRQ();  //开启总中断
  46   1        
  47   1          while(1)
  48   1        {
  49   2          adc_data[0] = adc_once(ADC_P00, ADC_12BIT);
  50   2              oled_p6x8num(0,0,adc_data[0]);
  51   2              adc_data[1] = adc_once(ADC_P01, ADC_12BIT);
C51 COMPILER V9.00   MAIN                                                                  05/18/2022 21:19:16 PAGE 2   

  52   2              oled_p6x8num(0,1,adc_data[1]);
  53   2              adc_data[2] = adc_once(ADC_P02, ADC_12BIT);
  54   2              oled_p6x8num(0,2,adc_data[2]);
  55   2              adc_data[3] = adc_once(ADC_P03, ADC_12BIT);
  56   2              oled_p6x8num(0,3,adc_data[3]);
  57   2          }
  58   1      }
  59          


MODULE INFORMATION:   STATIC OVERLAYABLE
   CODE SIZE        =    152    ----
   CONSTANT SIZE    =     13    ----
   XDATA SIZE       =      8    ----
   PDATA SIZE       =   ----    ----
   DATA SIZE        =   ----    ----
   IDATA SIZE       =   ----    ----
   BIT SIZE         =   ----    ----
   EDATA SIZE       =   ----    ----
   HDATA SIZE       =   ----    ----
   XDATA CONST SIZE =   ----    ----
   FAR CONST SIZE   =   ----    ----
END OF MODULE INFORMATION.


C51 COMPILATION COMPLETE.  0 WARNING(S),  0 ERROR(S)
