C51 COMPILER V9.00   SEEKFREE_TSL1401                                                      05/18/2022 21:19:15 PAGE 1   


C51 COMPILER V9.00, COMPILATION OF MODULE SEEKFREE_TSL1401
OBJECT MODULE PLACED IN .\Out_File\SEEKFREE_TSL1401.obj
COMPILER INVOKED BY: D:\Keil\Keil_5\C51\BIN\C51.EXE ..\..\Libraries\seekfree_peripheral\SEEKFREE_TSL1401.c LARGE OMF2 OP
                    -TIMIZE(8,SPEED) BROWSE INCDIR(..\..\Libraries\libraries;..\..\Libraries\seekfree_libraries;..\..\Libraries\seekfree_peri
                    -pheral;..\USER\inc;..\USER\src;..\CODE) DEBUG PRINT(.\Out_File\SEEKFREE_TSL1401.lst) TABS(2) OBJECT(.\Out_File\SEEKFREE_
                    -TSL1401.obj)

line level    source

   1          /*********************************************************************************************************
             -************
   2           * COPYRIGHT NOTICE
   3           * Copyright (c) 2016,é€é£ç§‘æŠ€
   4           * All rights reserved.
   5           * æŠ€æœ¯è®¨è®ºQQç¾¤ï¼š179029047
   6           *
   7           * ä»¥ä¸‹æ‰€æœ‰å†…å®¹ç‰ˆæƒå‡å±é€é£ç§‘æŠ€æ‰€æœ‰ï¼Œæœªç»å…è®¸ä¸å¾—ç”¨äºå•†ä¸šç”¨é€”ï¼Œ
   8           * æ¬¢è¿å„ä½ä½¿ç”¨å¹¶ä¼ æ’­æœ¬ç¨‹åºï¼Œä¿®æ”¹å†…å®¹æ—¶å¿…é¡»ä¿ç•™é€é£ç§‘æŠ€çš„ç‰ˆæƒå£°æ˜ã€‚
   9           *
  10           * @file          SEEKFREE_TSL1401.c
  11           * @brief         çº¢å­©å„¿(çº¿é˜µCCD)å‡½æ•°åº“
  12           * @company       æˆéƒ½é€é£ç§‘æŠ€æœ‰é™å…¬å¸
  13           * @author        Go For It(1325536866)
  14           * @version       v1.0
  15           * @Software    IAR 7.2 or MDK 5.17
  16           * @Target core   MK60DN512VLL10
  17           * @Taobao      https://seekfree.taobao.com/
  18           * @date          2016-02-25
  19           * @note  
  20                    TSL1401æ¥çº¿å®šä¹‰ï¼š
  21                    ------------------------------------ 
  22                        æ¨¡å—ç®¡è„š        å•ç‰‡æœºç®¡è„š
  23                        CCD_AO        æŸ¥çœ‹SEEKFREE_TSL1401.hæ–‡ä»¶ä¸­çš„AD_CHANNEL å®å®šä¹‰
  24                        CCD_CLK       æŸ¥çœ‹SEEKFREE_TSL1401.hæ–‡ä»¶ä¸­çš„CCD_CLK_PINå®å®šä¹‰
  25                        CCD_SI        æŸ¥çœ‹SEEKFREE_TSL1401.hæ–‡ä»¶ä¸­çš„CCD_SI_PIN å®å®šä¹‰
  26                    ------------------------------------ 
  27           *********************************************************************************************************
             -***********/
  28          
  29          
  30          
  31          #include "SEEKFREE_TSL1401.h"
  32          #include "zf_adc.h"
  33          #include "zf_uart.h"
  34          #include "board.h"
  35          
  36          
  37          vuint8 tsl1401_finish_flag;
  38          uint16 ccd_data[128];                           //CCDæ•°æ®
  39          //uint16 ccd_data_ch2[128];                       //CCDæ•°æ®é€šé“2
  40          //--------------------------------------------------------------------------------------------------------
             ------------
  41          //  @brief      TSL1401çº¿é˜µCCDåˆå§‹åŒ–
  42          //  @param      NULL
  43          //  @return     void
  44          //  @since      v1.0
  45          //  Sample usage:     
  46          //--------------------------------------------------------------------------------------------------------
             ------------
  47          void ccd_init(void)     
  48          {       
C51 COMPILER V9.00   SEEKFREE_TSL1401                                                      05/18/2022 21:19:15 PAGE 2   

  49   1          adc_init(AD_CHANNEL,0X01);      
  50   1          //adc_init(AD_CHANNEL_CH2,0X01);   
  51   1        pit_timer_ms(TIM_4,10);
  52   1      }
  53          
  54          //--------------------------------------------------------------------------------------------------------
             ------------
  55          //  @brief      TSL1401çº¿é˜µCCDå›¾åƒå‘é€è‡³ä¸Šä½æœºæŸ¥çœ‹å›¾åƒ
  56          //  @param      uart_n      ä¸²å£å·
  57          //  @param      uart_n      çº¿æ€§CCDæ•°æ®æŒ‡é’ˆ
  58          //  @return     void      
  59          //  @since      v1.0
  60          //  Sample usage:       è°ƒç”¨è¯¥å‡½æ•°å‰è¯·å…ˆåˆå§‹åŒ–ä¸²å£
  61          //--------------------------------------------------------------------------------------------------------
             ------------
  62          void ccd_send_data(UARTN_enum uart_n ,uint16 *dat)
  63          {
  64   1         uint8 i = 0;
  65   1         uart_putchar(uart_n,0x00); 
  66   1         uart_putchar(uart_n,0xff);
  67   1         uart_putchar(uart_n,0x01);
  68   1         uart_putchar(uart_n,0x00);
  69   1         
  70   1        for(i=0; i<128; i++)        
  71   1        {
  72   2          uart_putchar(uart_n, dat[i]>>8);   //å‘é€é«˜8ä½
  73   2          uart_putchar(uart_n, dat[i]&0XFF); //å‘é€é«˜ä½8ä½   
  74   2        }
  75   1      }
  76          
  77          
  78          //--------------------------------------------------------------------------------------------------------
             ------------
  79          //  @brief      TSL1401çº¿é˜µCCDæ•°æ®é‡‡é›†
  80          //  @param      NULL
  81          //  @return     void
  82          //  @since      v1.0
  83          //  Sample usage:       åœ¨isr.cé‡Œé¢å…ˆåˆ›å»ºå¯¹åº”çš„ä¸­æ–­å‡½æ•°ï¼Œç„¶åè°ƒç”¨è¯¥å‡½æ•°(ä¹‹ååˆ«å¿˜è®°æ
             -¸…é™¤ä¸­æ–­æ ‡å¿—ä½)
  84          //--------------------------------------------------------------------------------------------------------
             ------------
  85          void ccd_collect(void)
  86          {
  87   1          uint8 i = 0;
  88   1      
  89   1          CCD_CLK(1);
  90   1          CCD_SI(0);
  91   1        CCD_CLK(0);
  92   1          CCD_SI(1);
  93   1          CCD_CLK(1);
  94   1          CCD_SI(0);
  95   1        
  96   1          for(i=0;i<128;i++)
  97   1          {
  98   2          CCD_CLK(0);  
  99   2          ccd_data[i] = adc_once(AD_CHANNEL, AD_RESOLUTION); 
 100   2              //ccd_data_ch2[i] = adc_once(AD_CHANNEL_CH2, AD_RESOLUTION); 
 101   2          CCD_CLK(1); 
 102   2          }
 103   1        tsl1401_finish_flag = 1;
 104   1      }

C51 COMPILER V9.00   SEEKFREE_TSL1401                                                      05/18/2022 21:19:15 PAGE 3   


MODULE INFORMATION:   STATIC OVERLAYABLE
   CODE SIZE        =    232    ----
   CONSTANT SIZE    =   ----    ----
   XDATA SIZE       =    257       6
   PDATA SIZE       =   ----    ----
   DATA SIZE        =   ----    ----
   IDATA SIZE       =   ----    ----
   BIT SIZE         =   ----    ----
   EDATA SIZE       =   ----    ----
   HDATA SIZE       =   ----    ----
   XDATA CONST SIZE =   ----    ----
   FAR CONST SIZE   =   ----    ----
END OF MODULE INFORMATION.


C51 COMPILATION COMPLETE.  0 WARNING(S),  0 ERROR(S)
